Using pre-set license
Built from '2020.3/staging' branch; Version is '2020.3.26f1 (7298b473bc1a) revision 7510196'; Using compiler version '192528614'; Build Type 'Release'
OS: 'Windows 10  (10.0.19044) 64bit Professional' Language: 'es' Physical Memory: 16332 MB
BatchMode: 1, IsHumanControllingUs: 0, StartBugReporterOnCrash: 0, Is64bit: 1, IsPro: 0

COMMAND LINE ARGUMENTS:
C:\Program Files\Unity\Hub\Editor\2020.3.26f1\Editor\Unity.exe
-adb2
-batchMode
-noUpm
-name
AssetImportWorker0
-projectPath
E:/Documentos/GitHub/MyProjects/DeathIsOnlyBeginig
-logFile
Logs/AssetImportWorker0.log
-srvPort
52309
Successfully changed project path to: E:/Documentos/GitHub/MyProjects/DeathIsOnlyBeginig
E:/Documentos/GitHub/MyProjects/DeathIsOnlyBeginig
Using Asset Import Pipeline V2.
Refreshing native plugins compatible for Editor in 49.42 ms, found 3 plugins.
Preloading 0 native plugins for Editor in 0.00 ms.
Initialize engine version: 2020.3.26f1 (7298b473bc1a)
[Subsystems] Discovering subsystems at path C:/Program Files/Unity/Hub/Editor/2020.3.26f1/Editor/Data/Resources/UnitySubsystems
[Subsystems] Discovering subsystems at path E:/Documentos/GitHub/MyProjects/DeathIsOnlyBeginig/Assets
GfxDevice: creating device client; threaded=0
Direct3D:
    Version:  Direct3D 11.0 [level 11.1]
    Renderer: NVIDIA GeForce GTX 1660 SUPER (ID=0x21c4)
    Vendor:   
    VRAM:     5991 MB
    Driver:   30.0.14.7141
Initialize mono
Mono path[0] = 'C:/Program Files/Unity/Hub/Editor/2020.3.26f1/Editor/Data/Managed'
Mono path[1] = 'C:/Program Files/Unity/Hub/Editor/2020.3.26f1/Editor/Data/MonoBleedingEdge/lib/mono/unityjit'
Mono config path = 'C:/Program Files/Unity/Hub/Editor/2020.3.26f1/Editor/Data/MonoBleedingEdge/etc'
Using monoOptions --debugger-agent=transport=dt_socket,embedding=1,server=y,suspend=n,address=127.0.0.1:56468
Begin MonoManager ReloadAssembly
Registering precompiled unity dll's ...
Register platform support module: C:/Program Files/Unity/Hub/Editor/2020.3.26f1/Editor/Data/PlaybackEngines/WindowsStandaloneSupport/UnityEditor.WindowsStandalone.Extensions.dll
Registered in 0.002874 seconds.
Native extension for WindowsStandalone target not found
Refreshing native plugins compatible for Editor in 48.75 ms, found 3 plugins.
Preloading 0 native plugins for Editor in 0.00 ms.
Mono: successfully reloaded assembly
- Completed reload, in  0.656 seconds
Domain Reload Profiling:
	ReloadAssembly (656ms)
		BeginReloadAssembly (64ms)
			ExecutionOrderSort (0ms)
			DisableScriptedObjects (0ms)
			BackupInstance (0ms)
			ReleaseScriptingObjects (0ms)
			CreateAndSetChildDomain (1ms)
		EndReloadAssembly (504ms)
			LoadAssemblies (60ms)
			RebuildTransferFunctionScriptingTraits (0ms)
			SetupTypeCache (165ms)
			ReleaseScriptCaches (0ms)
			RebuildScriptCaches (31ms)
			SetupLoadedEditorAssemblies (193ms)
				LogAssemblyErrors (0ms)
				InitializePlatformSupportModulesInManaged (5ms)
				SetLoadedEditorAssemblies (0ms)
				RefreshPlugins (49ms)
				BeforeProcessingInitializeOnLoad (18ms)
				ProcessInitializeOnLoadAttributes (90ms)
				ProcessInitializeOnLoadMethodAttributes (31ms)
				AfterProcessingInitializeOnLoad (0ms)
				EditorAssembliesLoaded (0ms)
			ExecutionOrderSort2 (0ms)
			AwakeInstancesAfterBackupRestoration (0ms)
Platform modules already initialized, skipping
Registering precompiled user dll's ...
Registered in 0.005229 seconds.
Begin MonoManager ReloadAssembly
Native extension for WindowsStandalone target not found
Refreshing native plugins compatible for Editor in 47.84 ms, found 3 plugins.
Preloading 0 native plugins for Editor in 0.00 ms.
Mono: successfully reloaded assembly
- Completed reload, in  1.254 seconds
Domain Reload Profiling:
	ReloadAssembly (1255ms)
		BeginReloadAssembly (163ms)
			ExecutionOrderSort (0ms)
			DisableScriptedObjects (5ms)
			BackupInstance (0ms)
			ReleaseScriptingObjects (0ms)
			CreateAndSetChildDomain (18ms)
		EndReloadAssembly (1015ms)
			LoadAssemblies (112ms)
			RebuildTransferFunctionScriptingTraits (0ms)
			SetupTypeCache (334ms)
			ReleaseScriptCaches (1ms)
			RebuildScriptCaches (50ms)
			SetupLoadedEditorAssemblies (383ms)
				LogAssemblyErrors (0ms)
				InitializePlatformSupportModulesInManaged (4ms)
				SetLoadedEditorAssemblies (0ms)
				RefreshPlugins (48ms)
				BeforeProcessingInitializeOnLoad (89ms)
				ProcessInitializeOnLoadAttributes (214ms)
				ProcessInitializeOnLoadMethodAttributes (18ms)
				AfterProcessingInitializeOnLoad (10ms)
				EditorAssembliesLoaded (0ms)
			ExecutionOrderSort2 (0ms)
			AwakeInstancesAfterBackupRestoration (7ms)
Platform modules already initialized, skipping
========================================================================
Worker process is ready to serve import requests
Launched and connected shader compiler UnityShaderCompiler.exe after 0.05 seconds
Refreshing native plugins compatible for Editor in 0.50 ms, found 3 plugins.
Preloading 0 native plugins for Editor in 0.00 ms.
Unloading 2197 Unused Serialized files (Serialized files now loaded: 0)
System memory in use before: 95.8 MB.
System memory in use after: 95.9 MB.

Unloading 28 unused Assets to reduce memory usage. Loaded Objects now: 2630.
Total: 3.316200 ms (FindLiveObjects: 0.195700 ms CreateObjectMapping: 0.054800 ms MarkObjects: 2.995900 ms  DeleteObjects: 0.068700 ms)

AssetImportParameters requested are different than current active one (requested -> active):
  custom:framework-win-MediaFoundation: 216162199b28c13a410421893ffa2e32 -> 
  custom:video-decoder-ogg-theora: a1e56fd34408186e4bbccfd4996cb3dc -> 
  custom:container-muxer-webm: aa71ff27fc2769a1b78a27578f13a17b -> 
  custom:container-demuxer-webm: 4f35f7cbe854078d1ac9338744f61a02 -> 
  custom:container-demuxer-ogg: 62fdf1f143b41e24485cea50d1cbac27 -> 
  custom:video-encoder-webm-vp8: eb34c28f22e8b96e1ab97ce403110664 -> 
  custom:video-decoder-webm-vp8: 9c59270c3fd7afecdb556c50c9e8de78 -> 
  custom:audio-decoder-ogg-vorbis: bf7c407c2cedff20999df2af8eb42d56 -> 
  custom:audio-encoder-webm-vorbis: bf7c407c2cedff20999df2af8eb42d56 -> 
========================================================================
Received Import Request.
  path: Assets/Player.png
  artifactKey: Guid(ad8794de0b544d24b8e77f23652e9691) Importer(815301076,1909f56bfc062723c751e8b465ee728b)
Start importing Assets/Player.png using Guid(ad8794de0b544d24b8e77f23652e9691) Importer(815301076,1909f56bfc062723c751e8b465ee728b)  -> (artifact id: 'ca88e52dd8b25258de3ada91621e2860') in 0.122630 seconds 
  Import took 0.125867 seconds .

========================================================================
Received Import Request.
  Time since last request: 5.650993 seconds.
  path: Assets/Player.png
  artifactKey: Guid(ad8794de0b544d24b8e77f23652e9691) Importer(815301076,1909f56bfc062723c751e8b465ee728b)
Start importing Assets/Player.png using Guid(ad8794de0b544d24b8e77f23652e9691) Importer(815301076,1909f56bfc062723c751e8b465ee728b)  -> (artifact id: 'd9cda1fe24e1d2a4e9eded827800c0ce') in 0.013770 seconds 
  Import took 0.017152 seconds .

========================================================================
Received Import Request.
  Time since last request: 15.221204 seconds.
  path: Assets/Player.png
  artifactKey: Guid(ad8794de0b544d24b8e77f23652e9691) Importer(815301076,1909f56bfc062723c751e8b465ee728b)
Start importing Assets/Player.png using Guid(ad8794de0b544d24b8e77f23652e9691) Importer(815301076,1909f56bfc062723c751e8b465ee728b)  -> (artifact id: '658407ad6e012be9d1b43e61ca4a07c3') in 0.024423 seconds 
  Import took 0.027767 seconds .

========================================================================
Received Import Request.
  Time since last request: 3.960359 seconds.
  path: Assets/Player.png
  artifactKey: Guid(ad8794de0b544d24b8e77f23652e9691) Importer(815301076,1909f56bfc062723c751e8b465ee728b)
Start importing Assets/Player.png using Guid(ad8794de0b544d24b8e77f23652e9691) Importer(815301076,1909f56bfc062723c751e8b465ee728b)  -> (artifact id: 'b245ca6616af4cfc5dc754b28beb44ef') in 0.020021 seconds 
  Import took 0.023375 seconds .

========================================================================
Received Import Request.
  Time since last request: 74.592202 seconds.
  path: Assets/Player.png
  artifactKey: Guid(ad8794de0b544d24b8e77f23652e9691) Importer(815301076,1909f56bfc062723c751e8b465ee728b)
Start importing Assets/Player.png using Guid(ad8794de0b544d24b8e77f23652e9691) Importer(815301076,1909f56bfc062723c751e8b465ee728b)  -> (artifact id: '341957e64f7325571feca9d37eee8336') in 0.013739 seconds 
  Import took 0.017233 seconds .

========================================================================
Received Import Request.
  Time since last request: 81.153854 seconds.
  path: Assets/Player.png
  artifactKey: Guid(ad8794de0b544d24b8e77f23652e9691) Importer(815301076,1909f56bfc062723c751e8b465ee728b)
Start importing Assets/Player.png using Guid(ad8794de0b544d24b8e77f23652e9691) Importer(815301076,1909f56bfc062723c751e8b465ee728b)  -> (artifact id: 'fef590403805ea5dd556a27b7f1782e5') in 0.014651 seconds 
  Import took 0.018124 seconds .

========================================================================
Received Import Request.
  Time since last request: 90.042487 seconds.
  path: Assets/Player.png
  artifactKey: Guid(ad8794de0b544d24b8e77f23652e9691) Importer(815301076,1909f56bfc062723c751e8b465ee728b)
Start importing Assets/Player.png using Guid(ad8794de0b544d24b8e77f23652e9691) Importer(815301076,1909f56bfc062723c751e8b465ee728b)  -> (artifact id: 'dac06efbf36cf480794660248ba6ca32') in 0.018807 seconds 
  Import took 0.022155 seconds .

========================================================================
Received Import Request.
  Time since last request: 584.426533 seconds.
  path: Assets/Player.png
  artifactKey: Guid(ad8794de0b544d24b8e77f23652e9691) Importer(815301076,1909f56bfc062723c751e8b465ee728b)
Start importing Assets/Player.png using Guid(ad8794de0b544d24b8e77f23652e9691) Importer(815301076,1909f56bfc062723c751e8b465ee728b)  -> (artifact id: 'f88ca05cf0add40fbbf8bcb066ad7eaa') in 0.035334 seconds 
  Import took 0.038914 seconds .

========================================================================
Received Import Request.
  Time since last request: 17.435533 seconds.
  path: Assets/Player.png
  artifactKey: Guid(ad8794de0b544d24b8e77f23652e9691) Importer(815301076,1909f56bfc062723c751e8b465ee728b)
Start importing Assets/Player.png using Guid(ad8794de0b544d24b8e77f23652e9691) Importer(815301076,1909f56bfc062723c751e8b465ee728b)  -> (artifact id: '2494581f77640b280879f03d18394aee') in 0.023638 seconds 
  Import took 0.026975 seconds .

========================================================================
Received Import Request.
  Time since last request: 82.960608 seconds.
  path: Assets/Player.png
  artifactKey: Guid(ad8794de0b544d24b8e77f23652e9691) Importer(815301076,1909f56bfc062723c751e8b465ee728b)
Start importing Assets/Player.png using Guid(ad8794de0b544d24b8e77f23652e9691) Importer(815301076,1909f56bfc062723c751e8b465ee728b)  -> (artifact id: 'd7611a52ede03b4d8bf0933e3e9f039b') in 0.025315 seconds 
  Import took 0.028638 seconds .

========================================================================
Received Import Request.
  Time since last request: 5.605542 seconds.
  path: Assets/Player.png
  artifactKey: Guid(ad8794de0b544d24b8e77f23652e9691) Importer(815301076,1909f56bfc062723c751e8b465ee728b)
Start importing Assets/Player.png using Guid(ad8794de0b544d24b8e77f23652e9691) Importer(815301076,1909f56bfc062723c751e8b465ee728b)  -> (artifact id: 'a99e866f646fe9a852aec494bef18c50') in 0.018075 seconds 
  Import took 0.021856 seconds .

========================================================================
Received Import Request.
  Time since last request: 12.426761 seconds.
  path: Assets/Player.png
  artifactKey: Guid(ad8794de0b544d24b8e77f23652e9691) Importer(815301076,1909f56bfc062723c751e8b465ee728b)
Start importing Assets/Player.png using Guid(ad8794de0b544d24b8e77f23652e9691) Importer(815301076,1909f56bfc062723c751e8b465ee728b)  -> (artifact id: '1ea908c367eeddcde10ca9a6b5d089e5') in 0.030947 seconds 
  Import took 0.034460 seconds .

========================================================================
Received Import Request.
  Time since last request: 121.503519 seconds.
  path: Assets/Player.png
  artifactKey: Guid(ad8794de0b544d24b8e77f23652e9691) Importer(815301076,1909f56bfc062723c751e8b465ee728b)
Start importing Assets/Player.png using Guid(ad8794de0b544d24b8e77f23652e9691) Importer(815301076,1909f56bfc062723c751e8b465ee728b)  -> (artifact id: 'be4c4c742128b94ef619fe0ab99c2355') in 0.025609 seconds 
  Import took 0.029138 seconds .

========================================================================
Received Import Request.
  Time since last request: 61.834969 seconds.
  path: Assets/Player_0.controller
  artifactKey: Guid(7584a40ce074e9845bf7428eacbba115) Importer(815301076,1909f56bfc062723c751e8b465ee728b)
Start importing Assets/Player_0.controller using Guid(7584a40ce074e9845bf7428eacbba115) Importer(815301076,1909f56bfc062723c751e8b465ee728b)  -> (artifact id: '6d742937f302247fca106174a08b891c') in 0.012778 seconds 
  Import took 0.016171 seconds .

========================================================================
Received Import Request.
  Time since last request: 2.528135 seconds.
  path: Assets/Walk.anim
  artifactKey: Guid(fbf5f2023a8058440a43cf2c45b40c83) Importer(815301076,1909f56bfc062723c751e8b465ee728b)
Start importing Assets/Walk.anim using Guid(fbf5f2023a8058440a43cf2c45b40c83) Importer(815301076,1909f56bfc062723c751e8b465ee728b)  -> (artifact id: '890e9fde88f512f0ae53db1d962daf2a') in 0.008203 seconds 
  Import took 0.011556 seconds .

========================================================================
Received Import Request.
  Time since last request: 1.751885 seconds.
  path: Assets
  artifactKey: Guid(00000000000000001000000000000000) Importer(815301076,1909f56bfc062723c751e8b465ee728b)
Start importing Assets using Guid(00000000000000001000000000000000) Importer(815301076,1909f56bfc062723c751e8b465ee728b)  -> (artifact id: '42d402b061de3733987d63b9cc3b64de') in 0.006845 seconds 
  Import took 0.010250 seconds .

========================================================================
Received Import Request.
  Time since last request: 5.673583 seconds.
  path: Assets/Sprites
  artifactKey: Guid(1a59278d1bb38904bac75c0ca9cff1f6) Importer(815301076,1909f56bfc062723c751e8b465ee728b)
Start importing Assets/Sprites using Guid(1a59278d1bb38904bac75c0ca9cff1f6) Importer(815301076,1909f56bfc062723c751e8b465ee728b)  -> (artifact id: 'ff7027fa45fb9760b3f9aa7890a6f2c3') in 0.006261 seconds 
  Import took 0.009548 seconds .

========================================================================
Received Import Request.
  Time since last request: 10.262933 seconds.
  path: Assets/Animation
  artifactKey: Guid(0438992cecf2cad4b9bf9b0b8fb8dc0e) Importer(815301076,1909f56bfc062723c751e8b465ee728b)
Start importing Assets/Animation using Guid(0438992cecf2cad4b9bf9b0b8fb8dc0e) Importer(815301076,1909f56bfc062723c751e8b465ee728b)  -> (artifact id: '1b73d73c0bfae5752b1563fb6dd97068') in 0.006214 seconds 
  Import took 0.009490 seconds .

========================================================================
Received Import Request.
  Time since last request: 1140.250982 seconds.
  path: Assets/Sprites/Player.png
  artifactKey: Guid(ad8794de0b544d24b8e77f23652e9691) Importer(815301076,1909f56bfc062723c751e8b465ee728b)
Start importing Assets/Sprites/Player.png using Guid(ad8794de0b544d24b8e77f23652e9691) Importer(815301076,1909f56bfc062723c751e8b465ee728b)  -> (artifact id: 'b7173f9254f18b7e72ad3e5b11a8a800') in 0.023655 seconds 
  Import took 0.027287 seconds .

========================================================================
Received Import Request.
  Time since last request: 12.610618 seconds.
  path: Assets/Sprites/Player.png
  artifactKey: Guid(ad8794de0b544d24b8e77f23652e9691) Importer(815301076,1909f56bfc062723c751e8b465ee728b)
Start importing Assets/Sprites/Player.png using Guid(ad8794de0b544d24b8e77f23652e9691) Importer(815301076,1909f56bfc062723c751e8b465ee728b)  -> (artifact id: 'a6b452b9581efe7c2304799d2e431e1a') in 0.018137 seconds 
  Import took 0.021702 seconds .

========================================================================
Received Import Request.
  Time since last request: 9.527142 seconds.
  path: Assets/Sprites/Player.png
  artifactKey: Guid(ad8794de0b544d24b8e77f23652e9691) Importer(815301076,1909f56bfc062723c751e8b465ee728b)
Start importing Assets/Sprites/Player.png using Guid(ad8794de0b544d24b8e77f23652e9691) Importer(815301076,1909f56bfc062723c751e8b465ee728b)  -> (artifact id: 'd4590e6d9acfbe1604922066eae9c66b') in 0.014883 seconds 
  Import took 0.018279 seconds .

========================================================================
Received Import Request.
  Time since last request: 20.856803 seconds.
  path: Assets/Sprites/Player.png
  artifactKey: Guid(ad8794de0b544d24b8e77f23652e9691) Importer(815301076,1909f56bfc062723c751e8b465ee728b)
Start importing Assets/Sprites/Player.png using Guid(ad8794de0b544d24b8e77f23652e9691) Importer(815301076,1909f56bfc062723c751e8b465ee728b)  -> (artifact id: '90552b09be9b145ae6dc4dcbe367b68a') in 0.032803 seconds 
  Import took 0.036159 seconds .

========================================================================
Received Import Request.
  Time since last request: 141.998522 seconds.
  path: Assets/Sprites/Player.png
  artifactKey: Guid(ad8794de0b544d24b8e77f23652e9691) Importer(815301076,1909f56bfc062723c751e8b465ee728b)
Start importing Assets/Sprites/Player.png using Guid(ad8794de0b544d24b8e77f23652e9691) Importer(815301076,1909f56bfc062723c751e8b465ee728b)  -> (artifact id: '692eef479e4aeede753a3d75d6ad7a48') in 0.019949 seconds 
  Import took 0.023307 seconds .

AssetImportWorkerClient::OnTransportError - code=2 error=End of file
